<?xml version="1.0" encoding="UTF-8"?>
<coverage generated="1647507482543" clover="3.2.0">
  <project timestamp="1647507482543" name="All files">
    <metrics statements="24" coveredstatements="14" conditionals="8" coveredconditionals="0" methods="12" coveredmethods="0" elements="44" coveredelements="14" complexity="0" loc="24" ncloc="24" packages="2" files="2" classes="2"/>
    <package name="orm.entity">
      <metrics statements="15" coveredstatements="5" conditionals="8" coveredconditionals="0" methods="8" coveredmethods="0"/>
      <file name="index.ts" path="/Users/tomato/Documents/PhoenixEnv/nodeserver/src/orm/entity/index.ts">
        <metrics statements="15" coveredstatements="5" conditionals="8" coveredconditionals="0" methods="8" coveredmethods="0"/>
        <line num="1" count="1" type="stmt"/>
        <line num="2" count="1" type="stmt"/>
        <line num="7" count="1" type="stmt"/>
        <line num="8" count="0" type="stmt"/>
        <line num="9" count="0" type="stmt"/>
        <line num="12" count="0" type="cond" truecount="0" falsecount="3"/>
        <line num="13" count="0" type="stmt"/>
        <line num="15" count="0" type="stmt"/>
        <line num="18" count="1" type="stmt"/>
        <line num="19" count="0" type="stmt"/>
        <line num="21" count="0" type="stmt"/>
        <line num="22" count="0" type="stmt"/>
        <line num="23" count="0" type="stmt"/>
        <line num="27" count="1" type="stmt"/>
        <line num="28" count="0" type="cond" truecount="0" falsecount="3"/>
      </file>
    </package>
    <package name="utils">
      <metrics statements="9" coveredstatements="9" conditionals="0" coveredconditionals="0" methods="4" coveredmethods="0"/>
      <file name="chalk.ts" path="/Users/tomato/Documents/PhoenixEnv/nodeserver/src/utils/chalk.ts">
        <metrics statements="9" coveredstatements="9" conditionals="0" coveredconditionals="0" methods="4" coveredmethods="0"/>
        <line num="1" count="1" type="stmt"/>
        <line num="2" count="1" type="stmt"/>
        <line num="3" count="1" type="stmt"/>
        <line num="4" count="1" type="stmt"/>
        <line num="5" count="1" type="stmt"/>
        <line num="6" count="1" type="stmt"/>
        <line num="7" count="1" type="stmt"/>
        <line num="8" count="1" type="stmt"/>
        <line num="9" count="1" type="stmt"/>
      </file>
    </package>
  </project>
</coverage>
