{"/Users/tomato/Documents/PhoenixEnv/nodeserver/src/orm/entity/index.ts": {"path":"/Users/tomato/Documents/PhoenixEnv/nodeserver/src/orm/entity/index.ts","statementMap":{"0":{"start":{"line":1,"column":0},"end":{"line":1,"column":77}},"1":{"start":{"line":2,"column":0},"end":{"line":2,"column":41}},"2":{"start":{"line":7,"column":29},"end":{"line":16,"column":null}},"3":{"start":{"line":7,"column":40},"end":{"line":16,"column":null}},"4":{"start":{"line":8,"column":1},"end":{"line":8,"column":null}},"5":{"start":{"line":9,"column":17},"end":{"line":10,"column":null}},"6":{"start":{"line":12,"column":1},"end":{"line":14,"column":null}},"7":{"start":{"line":13,"column":2},"end":{"line":13,"column":null}},"8":{"start":{"line":15,"column":1},"end":{"line":15,"column":null}},"9":{"start":{"line":7,"column":13},"end":{"line":7,"column":29}},"10":{"start":{"line":18,"column":31},"end":{"line":25,"column":null}},"11":{"start":{"line":18,"column":42},"end":{"line":25,"column":null}},"12":{"start":{"line":19,"column":18},"end":{"line":19,"column":44}},"13":{"start":{"line":21,"column":1},"end":{"line":24,"column":4}},"14":{"start":{"line":21,"column":35},"end":{"line":24,"column":3}},"15":{"start":{"line":22,"column":21},"end":{"line":22,"column":58}},"16":{"start":{"line":23,"column":2},"end":{"line":23,"column":60}},"17":{"start":{"line":18,"column":13},"end":{"line":18,"column":31}},"18":{"start":{"line":27,"column":31},"end":{"line":29,"column":null}},"19":{"start":{"line":27,"column":42},"end":{"line":29,"column":null}},"20":{"start":{"line":28,"column":1},"end":{"line":28,"column":null}},"21":{"start":{"line":27,"column":13},"end":{"line":27,"column":31}}},"fnMap":{"0":{"name":"(anonymous_7)","decl":{"start":{"line":7,"column":29},"end":{"line":7,"column":38}},"loc":{"start":{"line":7,"column":40},"end":{"line":16,"column":null}}},"1":{"name":"(anonymous_8)","decl":{"start":{"line":7,"column":40},"end":{"line":7,"column":null}},"loc":{"start":{"line":7,"column":40},"end":{"line":16,"column":1}}},"2":{"name":"(anonymous_9)","decl":{"start":{"line":18,"column":31},"end":{"line":18,"column":40}},"loc":{"start":{"line":18,"column":42},"end":{"line":25,"column":null}}},"3":{"name":"(anonymous_10)","decl":{"start":{"line":18,"column":42},"end":{"line":18,"column":null}},"loc":{"start":{"line":18,"column":42},"end":{"line":25,"column":1}}},"4":{"name":"(anonymous_11)","decl":{"start":{"line":21,"column":18},"end":{"line":21,"column":25}},"loc":{"start":{"line":21,"column":35},"end":{"line":24,"column":3}}},"5":{"name":"(anonymous_12)","decl":{"start":{"line":21,"column":35},"end":{"line":21,"column":null}},"loc":{"start":{"line":21,"column":35},"end":{"line":24,"column":2}}},"6":{"name":"(anonymous_13)","decl":{"start":{"line":27,"column":31},"end":{"line":27,"column":40}},"loc":{"start":{"line":27,"column":42},"end":{"line":29,"column":null}}},"7":{"name":"(anonymous_14)","decl":{"start":{"line":27,"column":42},"end":{"line":27,"column":null}},"loc":{"start":{"line":27,"column":42},"end":{"line":29,"column":1}}}},"branchMap":{"0":{"loc":{"start":{"line":10,"column":2},"end":{"line":10,"column":39}},"type":"binary-expr","locations":[{"start":{"line":10,"column":2},"end":{"line":10,"column":22}},{"start":{"line":10,"column":26},"end":{"line":10,"column":39}}]},"1":{"loc":{"start":{"line":12,"column":1},"end":{"line":14,"column":null}},"type":"if","locations":[{"start":{"line":12,"column":1},"end":{"line":14,"column":null}}]},"2":{"loc":{"start":{"line":12,"column":5},"end":{"line":12,"column":43}},"type":"binary-expr","locations":[{"start":{"line":12,"column":5},"end":{"line":12,"column":16}},{"start":{"line":12,"column":20},"end":{"line":12,"column":43}}]},"3":{"loc":{"start":{"line":28,"column":1},"end":{"line":28,"column":65}},"type":"binary-expr","locations":[{"start":{"line":28,"column":1},"end":{"line":28,"column":17}},{"start":{"line":28,"column":21},"end":{"line":28,"column":43}},{"start":{"line":28,"column":47},"end":{"line":28,"column":65}}]}},"s":{"0":1,"1":1,"2":1,"3":0,"4":0,"5":0,"6":0,"7":0,"8":0,"9":1,"10":1,"11":0,"12":0,"13":0,"14":0,"15":0,"16":0,"17":1,"18":1,"19":0,"20":0,"21":1},"f":{"0":0,"1":0,"2":0,"3":0,"4":0,"5":0,"6":0,"7":0},"b":{"0":[0,0],"1":[0],"2":[0,0],"3":[0,0,0]}}
,"/Users/tomato/Documents/PhoenixEnv/nodeserver/src/utils/chalk.ts": {"path":"/Users/tomato/Documents/PhoenixEnv/nodeserver/src/utils/chalk.ts","statementMap":{"0":{"start":{"line":1,"column":0},"end":{"line":1,"column":26}},"1":{"start":{"line":2,"column":13},"end":{"line":2,"column":31}},"2":{"start":{"line":3,"column":13},"end":{"line":3,"column":36}},"3":{"start":{"line":4,"column":13},"end":{"line":4,"column":48}},"4":{"start":{"line":5,"column":13},"end":{"line":5,"column":42}},"5":{"start":{"line":6,"column":23},"end":{"line":6,"column":79}},"6":{"start":{"line":6,"column":43},"end":{"line":6,"column":79}},"7":{"start":{"line":6,"column":13},"end":{"line":6,"column":23}},"8":{"start":{"line":7,"column":20},"end":{"line":7,"column":78}},"9":{"start":{"line":7,"column":40},"end":{"line":7,"column":78}},"10":{"start":{"line":7,"column":13},"end":{"line":7,"column":20}},"11":{"start":{"line":8,"column":22},"end":{"line":8,"column":80}},"12":{"start":{"line":8,"column":42},"end":{"line":8,"column":80}},"13":{"start":{"line":8,"column":13},"end":{"line":8,"column":22}},"14":{"start":{"line":9,"column":22},"end":{"line":9,"column":82}},"15":{"start":{"line":9,"column":42},"end":{"line":9,"column":82}},"16":{"start":{"line":9,"column":13},"end":{"line":9,"column":22}}},"fnMap":{"0":{"name":"(anonymous_1)","decl":{"start":{"line":6,"column":23},"end":{"line":6,"column":24}},"loc":{"start":{"line":6,"column":43},"end":{"line":6,"column":79}}},"1":{"name":"(anonymous_2)","decl":{"start":{"line":7,"column":20},"end":{"line":7,"column":21}},"loc":{"start":{"line":7,"column":40},"end":{"line":7,"column":78}}},"2":{"name":"(anonymous_3)","decl":{"start":{"line":8,"column":22},"end":{"line":8,"column":23}},"loc":{"start":{"line":8,"column":42},"end":{"line":8,"column":80}}},"3":{"name":"(anonymous_4)","decl":{"start":{"line":9,"column":22},"end":{"line":9,"column":23}},"loc":{"start":{"line":9,"column":42},"end":{"line":9,"column":82}}}},"branchMap":{},"s":{"0":1,"1":1,"2":1,"3":1,"4":1,"5":1,"6":0,"7":1,"8":1,"9":0,"10":1,"11":1,"12":0,"13":1,"14":1,"15":0,"16":1},"f":{"0":0,"1":0,"2":0,"3":0},"b":{}}
}
