TN:
SF:src/orm/entity/index.ts
FN:7,(anonymous_7)
FN:7,(anonymous_8)
FN:18,(anonymous_9)
FN:18,(anonymous_10)
FN:21,(anonymous_11)
FN:21,(anonymous_12)
FN:27,(anonymous_13)
FN:27,(anonymous_14)
FNF:8
FNH:0
FNDA:0,(anonymous_7)
FNDA:0,(anonymous_8)
FNDA:0,(anonymous_9)
FNDA:0,(anonymous_10)
FNDA:0,(anonymous_11)
FNDA:0,(anonymous_12)
FNDA:0,(anonymous_13)
FNDA:0,(anonymous_14)
DA:1,1
DA:2,1
DA:7,1
DA:8,0
DA:9,0
DA:12,0
DA:13,0
DA:15,0
DA:18,1
DA:19,0
DA:21,0
DA:22,0
DA:23,0
DA:27,1
DA:28,0
LF:15
LH:5
BRDA:10,0,0,0
BRDA:10,0,1,0
BRDA:12,1,0,0
BRDA:12,2,0,0
BRDA:12,2,1,0
BRDA:28,3,0,0
BRDA:28,3,1,0
BRDA:28,3,2,0
BRF:8
BRH:0
end_of_record
TN:
SF:src/utils/chalk.ts
FN:6,(anonymous_1)
FN:7,(anonymous_2)
FN:8,(anonymous_3)
FN:9,(anonymous_4)
FNF:4
FNH:0
FNDA:0,(anonymous_1)
FNDA:0,(anonymous_2)
FNDA:0,(anonymous_3)
FNDA:0,(anonymous_4)
DA:1,1
DA:2,1
DA:3,1
DA:4,1
DA:5,1
DA:6,1
DA:7,1
DA:8,1
DA:9,1
LF:9
LH:9
BRF:0
BRH:0
end_of_record
